{"C:\\Users\\mufas\\OneDrive\\Documents\\GitHub\\hw5-backend-kevin-william\\app.js": {"path":"C:\\Users\\mufas\\OneDrive\\Documents\\GitHub\\hw5-backend-kevin-william\\app.js","statementMap":{"0":{"start":{"line":2,"column":12},"end":{"line":2,"column":27}},"1":{"start":{"line":4,"column":12},"end":{"line":4,"column":21}},"2":{"start":{"line":6,"column":0},"end":{"line":6,"column":24}},"3":{"start":{"line":7,"column":0},"end":{"line":11,"column":2}},"4":{"start":{"line":15,"column":0},"end":{"line":26,"column":3}},"5":{"start":{"line":16,"column":23},"end":{"line":16,"column":32}},"6":{"start":{"line":17,"column":14},"end":{"line":17,"column":30}},"7":{"start":{"line":18,"column":2},"end":{"line":25,"column":3}},"8":{"start":{"line":19,"column":4},"end":{"line":19,"column":45}},"9":{"start":{"line":21,"column":4},"end":{"line":23,"column":5}},"10":{"start":{"line":22,"column":6},"end":{"line":22,"column":61}},"11":{"start":{"line":24,"column":4},"end":{"line":24,"column":27}},"12":{"start":{"line":28,"column":0},"end":{"line":39,"column":3}},"13":{"start":{"line":29,"column":23},"end":{"line":29,"column":32}},"14":{"start":{"line":30,"column":2},"end":{"line":38,"column":3}},"15":{"start":{"line":31,"column":19},"end":{"line":34,"column":5}},"16":{"start":{"line":35,"column":4},"end":{"line":35,"column":33}},"17":{"start":{"line":37,"column":4},"end":{"line":37,"column":51}},"18":{"start":{"line":41,"column":0},"end":{"line":45,"column":3}},"19":{"start":{"line":42,"column":30},"end":{"line":42,"column":39}},"20":{"start":{"line":43,"column":17},"end":{"line":43,"column":54}},"21":{"start":{"line":44,"column":2},"end":{"line":44,"column":38}},"22":{"start":{"line":47,"column":0},"end":{"line":50,"column":3}},"23":{"start":{"line":48,"column":17},"end":{"line":48,"column":48}},"24":{"start":{"line":49,"column":2},"end":{"line":49,"column":31}},"25":{"start":{"line":52,"column":0},"end":{"line":60,"column":3}},"26":{"start":{"line":53,"column":23},"end":{"line":53,"column":32}},"27":{"start":{"line":54,"column":17},"end":{"line":54,"column":54}},"28":{"start":{"line":55,"column":2},"end":{"line":59,"column":3}},"29":{"start":{"line":56,"column":4},"end":{"line":56,"column":33}},"30":{"start":{"line":58,"column":4},"end":{"line":58,"column":61}},"31":{"start":{"line":62,"column":13},"end":{"line":62,"column":17}},"32":{"start":{"line":63,"column":0},"end":{"line":65,"column":3}},"33":{"start":{"line":64,"column":2},"end":{"line":64,"column":28}}},"fnMap":{"0":{"name":"(anonymous_0)","decl":{"start":{"line":15,"column":19},"end":{"line":15,"column":20}},"loc":{"start":{"line":15,"column":39},"end":{"line":26,"column":1}},"line":15},"1":{"name":"(anonymous_1)","decl":{"start":{"line":28,"column":18},"end":{"line":28,"column":19}},"loc":{"start":{"line":28,"column":38},"end":{"line":39,"column":1}},"line":28},"2":{"name":"(anonymous_2)","decl":{"start":{"line":41,"column":18},"end":{"line":41,"column":19}},"loc":{"start":{"line":41,"column":38},"end":{"line":45,"column":1}},"line":41},"3":{"name":"(anonymous_3)","decl":{"start":{"line":47,"column":21},"end":{"line":47,"column":22}},"loc":{"start":{"line":47,"column":41},"end":{"line":50,"column":1}},"line":47},"4":{"name":"(anonymous_4)","decl":{"start":{"line":52,"column":20},"end":{"line":52,"column":21}},"loc":{"start":{"line":52,"column":40},"end":{"line":60,"column":1}},"line":52},"5":{"name":"(anonymous_5)","decl":{"start":{"line":63,"column":17},"end":{"line":63,"column":18}},"loc":{"start":{"line":63,"column":29},"end":{"line":65,"column":1}},"line":63}},"branchMap":{"0":{"loc":{"start":{"line":18,"column":2},"end":{"line":25,"column":3}},"type":"if","locations":[{"start":{"line":18,"column":2},"end":{"line":25,"column":3}},{"start":{"line":20,"column":9},"end":{"line":25,"column":3}}],"line":18},"1":{"loc":{"start":{"line":21,"column":4},"end":{"line":23,"column":5}},"type":"if","locations":[{"start":{"line":21,"column":4},"end":{"line":23,"column":5}},{"start":{},"end":{}}],"line":21},"2":{"loc":{"start":{"line":55,"column":2},"end":{"line":59,"column":3}},"type":"if","locations":[{"start":{"line":55,"column":2},"end":{"line":59,"column":3}},{"start":{"line":57,"column":9},"end":{"line":59,"column":3}}],"line":55}},"s":{"0":1,"1":1,"2":1,"3":1,"4":1,"5":3,"6":3,"7":3,"8":1,"9":2,"10":2,"11":2,"12":1,"13":1,"14":1,"15":1,"16":0,"17":1,"18":1,"19":1,"20":1,"21":1,"22":1,"23":0,"24":0,"25":1,"26":1,"27":1,"28":1,"29":0,"30":1,"31":1,"32":1,"33":1},"f":{"0":3,"1":1,"2":1,"3":0,"4":1,"5":1},"b":{"0":[1,2],"1":[2,0],"2":[0,1]},"_coverageSchema":"1a1c01bbd47fc00a2c39e90264f33305004495a9","hash":"9ce3a6e1eaf60faeebd16430f0d29be4828df8aa"}
,"C:\\Users\\mufas\\OneDrive\\Documents\\GitHub\\hw5-backend-kevin-william\\db.js": {"path":"C:\\Users\\mufas\\OneDrive\\Documents\\GitHub\\hw5-backend-kevin-william\\db.js","statementMap":{"0":{"start":{"line":1,"column":24},"end":{"line":1,"column":42}},"1":{"start":{"line":3,"column":2},"end":{"line":3,"column":93}},"2":{"start":{"line":5,"column":16},"end":{"line":15,"column":1}},"3":{"start":{"line":6,"column":2},"end":{"line":14,"column":18}},"4":{"start":{"line":7,"column":19},"end":{"line":12,"column":10}},"5":{"start":{"line":13,"column":4},"end":{"line":13,"column":18}},"6":{"start":{"line":17,"column":18},"end":{"line":22,"column":1}},"7":{"start":{"line":18,"column":2},"end":{"line":21,"column":18}},"8":{"start":{"line":19,"column":19},"end":{"line":19,"column":67}},"9":{"start":{"line":20,"column":4},"end":{"line":20,"column":18}},"10":{"start":{"line":24,"column":21},"end":{"line":29,"column":1}},"11":{"start":{"line":25,"column":2},"end":{"line":28,"column":18}},"12":{"start":{"line":26,"column":19},"end":{"line":26,"column":72}},"13":{"start":{"line":27,"column":4},"end":{"line":27,"column":18}},"14":{"start":{"line":31,"column":17},"end":{"line":40,"column":1}},"15":{"start":{"line":32,"column":2},"end":{"line":39,"column":3}},"16":{"start":{"line":33,"column":19},"end":{"line":35,"column":77}},"17":{"start":{"line":36,"column":4},"end":{"line":36,"column":18}},"18":{"start":{"line":38,"column":4},"end":{"line":38,"column":16}},"19":{"start":{"line":42,"column":20},"end":{"line":55,"column":1}},"20":{"start":{"line":43,"column":2},"end":{"line":54,"column":18}},"21":{"start":{"line":44,"column":19},"end":{"line":52,"column":5}},"22":{"start":{"line":53,"column":4},"end":{"line":53,"column":18}},"23":{"start":{"line":59,"column":2},"end":{"line":67,"column":18}},"24":{"start":{"line":60,"column":20},"end":{"line":65,"column":16}},"25":{"start":{"line":66,"column":4},"end":{"line":66,"column":19}},"26":{"start":{"line":72,"column":2},"end":{"line":79,"column":18}},"27":{"start":{"line":73,"column":20},"end":{"line":77,"column":16}},"28":{"start":{"line":78,"column":4},"end":{"line":78,"column":19}},"29":{"start":{"line":82,"column":0},"end":{"line":90,"column":2}}},"fnMap":{"0":{"name":"(anonymous_0)","decl":{"start":{"line":5,"column":16},"end":{"line":5,"column":17}},"loc":{"start":{"line":5,"column":28},"end":{"line":15,"column":1}},"line":5},"1":{"name":"(anonymous_1)","decl":{"start":{"line":17,"column":18},"end":{"line":17,"column":19}},"loc":{"start":{"line":17,"column":43},"end":{"line":22,"column":1}},"line":17},"2":{"name":"(anonymous_2)","decl":{"start":{"line":24,"column":21},"end":{"line":24,"column":22}},"loc":{"start":{"line":24,"column":41},"end":{"line":29,"column":1}},"line":24},"3":{"name":"(anonymous_3)","decl":{"start":{"line":31,"column":17},"end":{"line":31,"column":18}},"loc":{"start":{"line":31,"column":37},"end":{"line":40,"column":1}},"line":31},"4":{"name":"(anonymous_4)","decl":{"start":{"line":42,"column":20},"end":{"line":42,"column":21}},"loc":{"start":{"line":42,"column":47},"end":{"line":55,"column":1}},"line":42},"5":{"name":"getTopScores","decl":{"start":{"line":57,"column":15},"end":{"line":57,"column":27}},"loc":{"start":{"line":57,"column":32},"end":{"line":68,"column":1}},"line":57},"6":{"name":"getQuestions","decl":{"start":{"line":70,"column":15},"end":{"line":70,"column":27}},"loc":{"start":{"line":70,"column":35},"end":{"line":80,"column":1}},"line":70}},"branchMap":{},"s":{"0":2,"1":2,"2":2,"3":7,"4":7,"5":6,"6":2,"7":9,"8":9,"9":7,"10":2,"11":2,"12":2,"13":1,"14":2,"15":7,"16":7,"17":4,"18":3,"19":2,"20":2,"21":2,"22":1,"23":2,"24":2,"25":1,"26":1,"27":1,"28":1,"29":2},"f":{"0":7,"1":9,"2":2,"3":7,"4":2,"5":2,"6":1},"b":{},"_coverageSchema":"1a1c01bbd47fc00a2c39e90264f33305004495a9","hash":"2c3128bc755b79096ba07bc3a21921046c577c52"}
}
