TN:
SF:app.js
FN:15,(anonymous_0)
FN:28,(anonymous_1)
FN:41,(anonymous_2)
FN:47,(anonymous_3)
FN:52,(anonymous_4)
FN:63,(anonymous_5)
FNF:6
FNH:5
FNDA:3,(anonymous_0)
FNDA:1,(anonymous_1)
FNDA:1,(anonymous_2)
FNDA:0,(anonymous_3)
FNDA:1,(anonymous_4)
FNDA:1,(anonymous_5)
DA:2,1
DA:4,1
DA:6,1
DA:7,1
DA:15,1
DA:16,3
DA:17,3
DA:18,3
DA:19,1
DA:21,2
DA:22,2
DA:24,2
DA:28,1
DA:29,1
DA:30,1
DA:31,1
DA:35,0
DA:37,1
DA:41,1
DA:42,1
DA:43,1
DA:44,1
DA:47,1
DA:48,0
DA:49,0
DA:52,1
DA:53,1
DA:54,1
DA:55,1
DA:56,0
DA:58,1
DA:62,1
DA:63,1
DA:64,1
LF:34
LH:30
BRDA:18,0,0,1
BRDA:18,0,1,2
BRDA:21,1,0,2
BRDA:21,1,1,0
BRDA:55,2,0,0
BRDA:55,2,1,1
BRF:6
BRH:4
end_of_record
TN:
SF:db.js
FN:5,(anonymous_0)
FN:17,(anonymous_1)
FN:24,(anonymous_2)
FN:31,(anonymous_3)
FN:42,(anonymous_4)
FN:57,getTopScores
FN:70,getQuestions
FNF:7
FNH:7
FNDA:7,(anonymous_0)
FNDA:9,(anonymous_1)
FNDA:2,(anonymous_2)
FNDA:7,(anonymous_3)
FNDA:2,(anonymous_4)
FNDA:2,getTopScores
FNDA:1,getQuestions
DA:1,2
DA:3,2
DA:5,2
DA:6,7
DA:7,7
DA:13,6
DA:17,2
DA:18,9
DA:19,9
DA:20,7
DA:24,2
DA:25,2
DA:26,2
DA:27,1
DA:31,2
DA:32,7
DA:33,7
DA:36,4
DA:38,3
DA:42,2
DA:43,2
DA:44,2
DA:53,1
DA:59,2
DA:60,2
DA:66,1
DA:72,1
DA:73,1
DA:78,1
DA:82,2
LF:30
LH:30
BRF:0
BRH:0
end_of_record
